*** Start analyzing build configuration ***
Auto-config - Scanning: /home/student/dorlowski/VDIC/lab01
Auto-config - VLOG: /home/student/dorlowski/VDIC/lab01
Auto-config - Wrote:
    /home/student/dorlowski/VDIC/lab01/.dvt/default.build.auto.1
*** List of included argument files ***
    Build configuration file:  /home/student/dorlowski/VDIC/lab01/.dvt/default.build
    -f /home/student/dorlowski/VDIC/lab01/.dvt/default.build.auto.1
*** List of invocations ***
Invocation #1 +dvt_init+dvt in /home/student/dorlowski/VDIC/lab01/.dvt/default.build.auto.1 at line 9
*** Done analyzing build configuration [120 ms] ***

*** Start SystemVerilog build ***
*** Invocation #1***
Loading (1) /home/student/dorlowski/VDIC/lab01/mtm_Alu.vp ...
Done /home/student/dorlowski/VDIC/lab01/mtm_Alu.vp [108 ms, 474 lines, SystemVerilog_2012] ...
*** Done invocation #1 [32 ms] ***
*** Done parsing [LT 26.0 ms, PT 32.0 ms] ***
*** Total number of lines [474] ***
Performing post full build actions ...
Performing post full build step 1 (SRI) [0 ms] ...
Performing post full build step 2 (RI) [0 ms] ...
Performing post full build step 3 (RCP) [1 ms] ...
*** Done SystemVerilog build [118 ms] ***

*** Start mixed mode extension build ***
Performing mixed post full build step 1 (Verilog - RI) [0 ms] ...
Performing mixed post full build step 2 (Verilog - RC) [4 ms] ...
Performing mixed post full build step 3 (Verilog - RPC) [72 ms] ...
Performing mixed post full build step 4 (Verilog - RD) [1 ms] ...
Performing mixed post full build step 5 (Verilog - FSC) [53 ms] ...
Performing mixed post full build step 6 (Verilog - EV) [53 ms] ...
Performing mixed post full build step 7 (Verilog - US) [52 ms] ...
*** Done mixed mode extension build [346 ms] ***
*** Start adding/validating the DVT Auto-Linked resources ***
*** Done adding/validating the DVT Auto-Linked resources [2 ms] ***
*** Total build time [588 ms] ***
