TOOL:	xrun	19.09-s003: Started on Oct 30, 2020 at 12:57:48 CET
xrun
	-f dut.f
		mtm_Alu.vp
	-f tb.f
		alu_tb.sv
	-v93
	+nowarnDSEM2009
	+nowarnDSEMEL
	+nowarnCGDEFN
	-xmlibdirname INCA_libs_gui
	+access+r
	+gui
	+overwrite
	-nocopyright
	-coverage all
	-covoverwrite
	-covfile xrun_covfile.txt
	-covtest lab01
	-l xrun_gui.log

-------------------------------------
Relinquished control to SimVision...
xcelium> 
xcelium> source /cad/XCELIUM1909/tools/xcelium/files/xmsimrc
xcelium> ^C
xcelium> exit
See ./cov_work/scope/lab01/icc.com file for message(s) on coverage constant object marking

coverage setup:
  workdir  :  ./cov_work
  dutinst  :  top_TB(top_TB)
  scope    :  scope
  testname :  lab01

coverage files:
  model(design data) :  ./cov_work/scope/icc_31573a48_4b908c32.ucm
  data               :  ./cov_work/scope/lab01/icc_31573a48_4b908c32.ucd
TOOL:	xrun	19.09-s003: Exiting on Oct 30, 2020 at 12:58:03 CET  (total: 00:00:15)
