TOOL:	xrun	19.09-s003: Started on Oct 29, 2020 at 15:40:09 CET
xrun
	-elaborate
	-l xrun_elaborate.log
	-f dut.f
		mtm_Alu.vp
	-f tb.f
		alu_tb.sv
	-v93
	+nowarnDSEM2009
	+nowarnDSEMEL
	+nowarnCGDEFN
	-xmlibdirname INCA_libs
	+overwrite
	-nocopyright
	-coverage all
	-covoverwrite
	-covfile xrun_covfile.txt
		Caching library 'worklib' ....... Done
	Elaborating the design hierarchy:
	Top level design units:
		top_TB

	Extracting FSMs for coverage:
		worklib.mtm_Alu
		worklib.top_TB
	Total FSMs extracted = 0
	Building instance overlay tables: .................... Done
	Enabling instrumentation for coverage types: block expression FSM toggle functional
	Generating native compiled code:
			streams:   7, words:  3972
			streams:   9, words: 25661
			streams:   7, words:  3321
		worklib.top_TB:sv <0x2851ecd6>
			streams:  28, words: 88933
	Building instance specific data structures.
	Performing constant object marking (COM) analysis.
	Loading native compiled code:     .................... Done
	Design hierarchy summary:
		                 Instances  Unique
		Modules:                 5       5
		Registers:             129     129
		Scalar wires:            8       -
		Vectored wires:          2       -
		Always blocks:          12      12
		Initial blocks:          7       7
		Pseudo assignments:      2       2
		Covergroup Instances:    0       2
		Simulation timescale:  1ps
	Writing initial simulation snapshot: worklib.top_TB:sv
TOOL:	xrun	19.09-s003: Exiting on Oct 29, 2020 at 15:40:10 CET  (total: 00:00:01)
